# JRE version: OpenJDK Runtime Environment (8.0_202-b03) (build 1.8.0_202-release-1483-b03)
# Java VM: OpenJDK 64-Bit Server VM (25.202-b03 mixed mode windows-amd64 compressed oops)
Heap:
 PSYoungGen      total 275968K, used 178331K [0x00000000e0000000, 0x00000000f3580000, 0x0000000100000000)
  eden space 253440K, 64% used [0x00000000e0000000,0x00000000e9fb3788,0x00000000ef780000)
  from space 22528K, 65% used [0x00000000f1f80000,0x00000000f2df3500,0x00000000f3580000)
  to   space 31744K, 0% used [0x00000000ef780000,0x00000000ef780000,0x00000000f1680000)
 ParOldGen       total 114176K, used 51192K [0x00000000a0000000, 0x00000000a6f80000, 0x00000000e0000000)
  object space 114176K, 44% used [0x00000000a0000000,0x00000000a31fe298,0x00000000a6f80000)
 Metaspace       used 77241K, capacity 80269K, committed 80600K, reserved 1120256K
  class space    used 10003K, capacity 10635K, committed 10752K, reserved 1048576K
GC Heap History (10 events):
Event: 22.983 GC heap before
{Heap before GC invocations=15 (full 3):
 PSYoungGen      total 204288K, used 3677K [0x00000000e0000000, 0x00000000f0180000, 0x0000000100000000)
  eden space 185344K, 0% used [0x00000000e0000000,0x00000000e0000000,0x00000000eb500000)
  from space 18944K, 19% used [0x00000000ec780000,0x00000000ecb176d0,0x00000000eda00000)
  to   space 18944K, 0% used [0x00000000eb500000,0x00000000eb500000,0x00000000ec780000)
 ParOldGen       total 74752K, used 35895K [0x00000000a0000000, 0x00000000a4900000, 0x00000000e0000000)
  object space 74752K, 48% used [0x00000000a0000000,0x00000000a230df80,0x00000000a4900000)
 Metaspace       used 56914K, capacity 58945K, committed 59096K, reserved 1099776K
  class space    used 7789K, capacity 8192K, committed 8192K, reserved 1048576K
Event: 23.207 GC heap after
Heap after GC invocations=15 (full 3):
 PSYoungGen      total 204288K, used 0K [0x00000000e0000000, 0x00000000f0180000, 0x0000000100000000)
  eden space 185344K, 0% used [0x00000000e0000000,0x00000000e0000000,0x00000000eb500000)
  from space 18944K, 0% used [0x00000000ec780000,0x00000000ec780000,0x00000000eda00000)
  to   space 18944K, 0% used [0x00000000eb500000,0x00000000eb500000,0x00000000ec780000)
 ParOldGen       total 114176K, used 33098K [0x00000000a0000000, 0x00000000a6f80000, 0x00000000e0000000)
  object space 114176K, 28% used [0x00000000a0000000,0x00000000a2052888,0x00000000a6f80000)
 Metaspace       used 56909K, capacity 58927K, committed 59096K, reserved 1099776K
  class space    used 7787K, capacity 8189K, committed 8192K, reserved 1048576K
}
Event: 29.921 GC heap before
{Heap before GC invocations=16 (full 3):
 PSYoungGen      total 204288K, used 185344K [0x00000000e0000000, 0x00000000f0180000, 0x0000000100000000)
  eden space 185344K, 100% used [0x00000000e0000000,0x00000000eb500000,0x00000000eb500000)
  from space 18944K, 0% used [0x00000000ec780000,0x00000000ec780000,0x00000000eda00000)
  to   space 18944K, 0% used [0x00000000eb500000,0x00000000eb500000,0x00000000ec780000)
 ParOldGen       total 114176K, used 33098K [0x00000000a0000000, 0x00000000a6f80000, 0x00000000e0000000)
  object space 114176K, 28% used [0x00000000a0000000,0x00000000a2052888,0x00000000a6f80000)
 Metaspace       used 66619K, capacity 69083K, committed 69208K, reserved 1110016K
  class space    used 9066K, capacity 9600K, committed 9600K, reserved 1048576K
Event: 29.933 GC heap after
Heap after GC invocations=16 (full 3):
 PSYoungGen      total 204288K, used 16959K [0x00000000e0000000, 0x00000000f0400000, 0x0000000100000000)
  eden space 185344K, 0% used [0x00000000e0000000,0x00000000e0000000,0x00000000eb500000)
  from space 18944K, 89% used [0x00000000eb500000,0x00000000ec58ff38,0x00000000ec780000)
  to   space 20992K, 0% used [0x00000000eef80000,0x00000000eef80000,0x00000000f0400000)
 ParOldGen       total 114176K, used 33106K [0x00000000a0000000, 0x00000000a6f80000, 0x00000000e0000000)
  object space 114176K, 28% used [0x00000000a0000000,0x00000000a2054888,0x00000000a6f80000)
 Metaspace       used 66619K, capacity 69083K, committed 69208K, reserved 1110016K
  class space    used 9066K, capacity 9600K, committed 9600K, reserved 1048576K
}
Event: 43.214 GC heap before
{Heap before GC invocations=17 (full 3):
 PSYoungGen      total 204288K, used 202303K [0x00000000e0000000, 0x00000000f0400000, 0x0000000100000000)
  eden space 185344K, 100% used [0x00000000e0000000,0x00000000eb500000,0x00000000eb500000)
  from space 18944K, 89% used [0x00000000eb500000,0x00000000ec58ff38,0x00000000ec780000)
  to   space 20992K, 0% used [0x00000000eef80000,0x00000000eef80000,0x00000000f0400000)
 ParOldGen       total 114176K, used 33106K [0x00000000a0000000, 0x00000000a6f80000, 0x00000000e0000000)
  object space 114176K, 28% used [0x00000000a0000000,0x00000000a2054888,0x00000000a6f80000)
 Metaspace       used 68008K, capacity 70425K, committed 70616K, reserved 1110016K
  class space    used 9144K, capacity 9657K, committed 9728K, reserved 1048576K
Event: 43.244 GC heap after
Heap after GC invocations=17 (full 3):
 PSYoungGen      total 239616K, used 20989K [0x00000000e0000000, 0x00000000f0480000, 0x0000000100000000)
  eden space 218624K, 0% used [0x00000000e0000000,0x00000000e0000000,0x00000000ed580000)
  from space 20992K, 99% used [0x00000000eef80000,0x00000000f03ff7f0,0x00000000f0400000)
  to   space 24064K, 0% used [0x00000000ed580000,0x00000000ed580000,0x00000000eed00000)
 ParOldGen       total 114176K, used 33681K [0x00000000a0000000, 0x00000000a6f80000, 0x00000000e0000000)
  object space 114176K, 29% used [0x00000000a0000000,0x00000000a20e45f0,0x00000000a6f80000)
 Metaspace       used 68008K, capacity 70425K, committed 70616K, reserved 1110016K
  class space    used 9144K, capacity 9657K, committed 9728K, reserved 1048576K
}
Event: 45.645 GC heap before
{Heap before GC invocations=18 (full 3):
 PSYoungGen      total 239616K, used 239613K [0x00000000e0000000, 0x00000000f0480000, 0x0000000100000000)
  eden space 218624K, 100% used [0x00000000e0000000,0x00000000ed580000,0x00000000ed580000)
  from space 20992K, 99% used [0x00000000eef80000,0x00000000f03ff7f0,0x00000000f0400000)
  to   space 24064K, 0% used [0x00000000ed580000,0x00000000ed580000,0x00000000eed00000)
 ParOldGen       total 114176K, used 33685K [0x00000000a0000000, 0x00000000a6f80000, 0x00000000e0000000)
  object space 114176K, 29% used [0x00000000a0000000,0x00000000a20e5620,0x00000000a6f80000)
 Metaspace       used 69947K, capacity 72707K, committed 72920K, reserved 1112064K
  class space    used 9382K, capacity 9980K, committed 9984K, reserved 1048576K
Event: 45.687 GC heap after
Heap after GC invocations=18 (full 3):
 PSYoungGen      total 242688K, used 24042K [0x00000000e0000000, 0x00000000f4000000, 0x0000000100000000)
  eden space 218624K, 0% used [0x00000000e0000000,0x00000000e0000000,0x00000000ed580000)
  from space 24064K, 99% used [0x00000000ed580000,0x00000000eecfa948,0x00000000eed00000)
  to   space 33280K, 0% used [0x00000000f1f80000,0x00000000f1f80000,0x00000000f4000000)
 ParOldGen       total 114176K, used 48595K [0x00000000a0000000, 0x00000000a6f80000, 0x00000000e0000000)
  object space 114176K, 42% used [0x00000000a0000000,0x00000000a2f74c80,0x00000000a6f80000)
 Metaspace       used 69947K, capacity 72707K, committed 72920K, reserved 1112064K
  class space    used 9382K, capacity 9980K, committed 9984K, reserved 1048576K
}
Event: 168.196 GC heap before
{Heap before GC invocations=19 (full 3):
 PSYoungGen      total 242688K, used 242666K [0x00000000e0000000, 0x00000000f4000000, 0x0000000100000000)
  eden space 218624K, 100% used [0x00000000e0000000,0x00000000ed580000,0x00000000ed580000)
  from space 24064K, 99% used [0x00000000ed580000,0x00000000eecfa948,0x00000000eed00000)
  to   space 33280K, 0% used [0x00000000f1f80000,0x00000000f1f80000,0x00000000f4000000)
 ParOldGen       total 114176K, used 48607K [0x00000000a0000000, 0x00000000a6f80000, 0x00000000e0000000)
  object space 114176K, 42% used [0x00000000a0000000,0x00000000a2f77e98,0x00000000a6f80000)
 Metaspace       used 76314K, capacity 79377K, committed 79448K, reserved 1118208K
  class space    used 9950K, capacity 10589K, committed 10624K, reserved 1048576K
Event: 168.215 GC heap after
Heap after GC invocations=19 (full 3):
 PSYoungGen      total 275968K, used 14797K [0x00000000e0000000, 0x00000000f3580000, 0x0000000100000000)
  eden space 253440K, 0% used [0x00000000e0000000,0x00000000e0000000,0x00000000ef780000)
  from space 22528K, 65% used [0x00000000f1f80000,0x00000000f2df3500,0x00000000f3580000)
  to   space 31744K, 0% used [0x00000000ef780000,0x00000000ef780000,0x00000000f1680000)
 ParOldGen       total 114176K, used 51192K [0x00000000a0000000, 0x00000000a6f80000, 0x00000000e0000000)
  object space 114176K, 44% used [0x00000000a0000000,0x00000000a31fe298,0x00000000a6f80000)
 Metaspace       used 76314K, capacity 79377K, committed 79448K, reserved 1118208K
  class space    used 9950K, capacity 10589K, committed 10624K, reserved 1048576K
}

