# JRE version: OpenJDK Runtime Environment (8.0_202-b03) (build 1.8.0_202-release-1483-b03)
# Java VM: OpenJDK 64-Bit Server VM (25.202-b03 mixed mode windows-amd64 compressed oops)
Heap:
 PSYoungGen      total 438784K, used 438767K [0x00000000e0000000, 0x00000000fcd00000, 0x0000000100000000)
  eden space 418304K, 100% used [0x00000000e0000000,0x00000000f9880000,0x00000000f9880000)
  from space 20480K, 99% used [0x00000000fb200000,0x00000000fc5fbfb0,0x00000000fc600000)
  to   space 26112K, 78% used [0x00000000f9880000,0x00000000fac81c30,0x00000000fb200000)
 ParOldGen       total 120320K, used 71510K [0x00000000a0000000, 0x00000000a7580000, 0x00000000e0000000)
  object space 120320K, 59% used [0x00000000a0000000,0x00000000a45d5948,0x00000000a7580000)
 Metaspace       used 85589K, capacity 88828K, committed 88920K, reserved 1126400K
  class space    used 10933K, capacity 11592K, committed 11648K, reserved 1048576K
GC Heap History (10 events):
Event: 85.206 GC heap after
Heap after GC invocations=21 (full 3):
 PSYoungGen      total 311296K, used 9124K [0x00000000e0000000, 0x00000000f5e80000, 0x0000000100000000)
  eden space 290816K, 0% used [0x00000000e0000000,0x00000000e0000000,0x00000000f1c00000)
  from space 20480K, 44% used [0x00000000f2f00000,0x00000000f37e9080,0x00000000f4300000)
  to   space 19456K, 0% used [0x00000000f1c00000,0x00000000f1c00000,0x00000000f2f00000)
 ParOldGen       total 120320K, used 37993K [0x00000000a0000000, 0x00000000a7580000, 0x00000000e0000000)
  object space 120320K, 31% used [0x00000000a0000000,0x00000000a251a418,0x00000000a7580000)
 Metaspace       used 65524K, capacity 67598K, committed 67672K, reserved 1107968K
  class space    used 8541K, capacity 9039K, committed 9088K, reserved 1048576K
}
Event: 106.723 GC heap before
{Heap before GC invocations=22 (full 3):
 PSYoungGen      total 311296K, used 299940K [0x00000000e0000000, 0x00000000f5e80000, 0x0000000100000000)
  eden space 290816K, 100% used [0x00000000e0000000,0x00000000f1c00000,0x00000000f1c00000)
  from space 20480K, 44% used [0x00000000f2f00000,0x00000000f37e9080,0x00000000f4300000)
  to   space 19456K, 0% used [0x00000000f1c00000,0x00000000f1c00000,0x00000000f2f00000)
 ParOldGen       total 120320K, used 37993K [0x00000000a0000000, 0x00000000a7580000, 0x00000000e0000000)
  object space 120320K, 31% used [0x00000000a0000000,0x00000000a251a418,0x00000000a7580000)
 Metaspace       used 67282K, capacity 69410K, committed 69592K, reserved 1110016K
  class space    used 8717K, capacity 9207K, committed 9216K, reserved 1048576K
Event: 106.750 GC heap after
Heap after GC invocations=22 (full 3):
 PSYoungGen      total 310272K, used 14614K [0x00000000e0000000, 0x00000000f8900000, 0x0000000100000000)
  eden space 290816K, 0% used [0x00000000e0000000,0x00000000e0000000,0x00000000f1c00000)
  from space 19456K, 75% used [0x00000000f1c00000,0x00000000f2a45b40,0x00000000f2f00000)
  to   space 20480K, 0% used [0x00000000f7500000,0x00000000f7500000,0x00000000f8900000)
 ParOldGen       total 120320K, used 38765K [0x00000000a0000000, 0x00000000a7580000, 0x00000000e0000000)
  object space 120320K, 32% used [0x00000000a0000000,0x00000000a25db428,0x00000000a7580000)
 Metaspace       used 67282K, capacity 69410K, committed 69592K, reserved 1110016K
  class space    used 8717K, capacity 9207K, committed 9216K, reserved 1048576K
}
Event: 135.682 GC heap before
{Heap before GC invocations=23 (full 3):
 PSYoungGen      total 310272K, used 305430K [0x00000000e0000000, 0x00000000f8900000, 0x0000000100000000)
  eden space 290816K, 100% used [0x00000000e0000000,0x00000000f1c00000,0x00000000f1c00000)
  from space 19456K, 75% used [0x00000000f1c00000,0x00000000f2a45b40,0x00000000f2f00000)
  to   space 20480K, 0% used [0x00000000f7500000,0x00000000f7500000,0x00000000f8900000)
 ParOldGen       total 120320K, used 38765K [0x00000000a0000000, 0x00000000a7580000, 0x00000000e0000000)
  object space 120320K, 32% used [0x00000000a0000000,0x00000000a25db428,0x00000000a7580000)
 Metaspace       used 69940K, capacity 72278K, committed 72536K, reserved 1112064K
  class space    used 8955K, capacity 9479K, committed 9600K, reserved 1048576K
Event: 135.704 GC heap after
Heap after GC invocations=23 (full 3):
 PSYoungGen      total 365568K, used 7791K [0x00000000e0000000, 0x00000000f8080000, 0x0000000100000000)
  eden space 353792K, 0% used [0x00000000e0000000,0x00000000e0000000,0x00000000f5980000)
  from space 11776K, 66% used [0x00000000f7500000,0x00000000f7c9bc78,0x00000000f8080000)
  to   space 19968K, 0% used [0x00000000f5980000,0x00000000f5980000,0x00000000f6d00000)
 ParOldGen       total 120320K, used 46597K [0x00000000a0000000, 0x00000000a7580000, 0x00000000e0000000)
  object space 120320K, 38% used [0x00000000a0000000,0x00000000a2d81440,0x00000000a7580000)
 Metaspace       used 69940K, capacity 72278K, committed 72536K, reserved 1112064K
  class space    used 8955K, capacity 9479K, committed 9600K, reserved 1048576K
}
Event: 143.781 GC heap before
{Heap before GC invocations=24 (full 3):
 PSYoungGen      total 365568K, used 361583K [0x00000000e0000000, 0x00000000f8080000, 0x0000000100000000)
  eden space 353792K, 100% used [0x00000000e0000000,0x00000000f5980000,0x00000000f5980000)
  from space 11776K, 66% used [0x00000000f7500000,0x00000000f7c9bc78,0x00000000f8080000)
  to   space 19968K, 0% used [0x00000000f5980000,0x00000000f5980000,0x00000000f6d00000)
 ParOldGen       total 120320K, used 46597K [0x00000000a0000000, 0x00000000a7580000, 0x00000000e0000000)
  object space 120320K, 38% used [0x00000000a0000000,0x00000000a2d81440,0x00000000a7580000)
 Metaspace       used 75923K, capacity 78080K, committed 78168K, reserved 1118208K
  class space    used 9614K, capacity 10092K, committed 10112K, reserved 1048576K
Event: 143.812 GC heap after
Heap after GC invocations=24 (full 3):
 PSYoungGen      total 373760K, used 14263K [0x00000000e0000000, 0x00000000fc600000, 0x0000000100000000)
  eden space 353792K, 0% used [0x00000000e0000000,0x00000000e0000000,0x00000000f5980000)
  from space 19968K, 71% used [0x00000000f5980000,0x00000000f676dce0,0x00000000f6d00000)
  to   space 20480K, 0% used [0x00000000fb200000,0x00000000fb200000,0x00000000fc600000)
 ParOldGen       total 120320K, used 50166K [0x00000000a0000000, 0x00000000a7580000, 0x00000000e0000000)
  object space 120320K, 41% used [0x00000000a0000000,0x00000000a30fd988,0x00000000a7580000)
 Metaspace       used 75923K, capacity 78080K, committed 78168K, reserved 1118208K
  class space    used 9614K, capacity 10092K, committed 10112K, reserved 1048576K
}
Event: 152.196 GC heap before
{Heap before GC invocations=25 (full 3):
 PSYoungGen      total 373760K, used 368055K [0x00000000e0000000, 0x00000000fc600000, 0x0000000100000000)
  eden space 353792K, 100% used [0x00000000e0000000,0x00000000f5980000,0x00000000f5980000)
  from space 19968K, 71% used [0x00000000f5980000,0x00000000f676dce0,0x00000000f6d00000)
  to   space 20480K, 0% used [0x00000000fb200000,0x00000000fb200000,0x00000000fc600000)
 ParOldGen       total 120320K, used 50166K [0x00000000a0000000, 0x00000000a7580000, 0x00000000e0000000)
  object space 120320K, 41% used [0x00000000a0000000,0x00000000a30fd988,0x00000000a7580000)
 Metaspace       used 79625K, capacity 82116K, committed 82392K, reserved 1120256K
  class space    used 10154K, capacity 10686K, committed 10752K, reserved 1048576K
Event: 152.243 GC heap after
Heap after GC invocations=25 (full 3):
 PSYoungGen      total 438784K, used 20463K [0x00000000e0000000, 0x00000000fcd00000, 0x0000000100000000)
  eden space 418304K, 0% used [0x00000000e0000000,0x00000000e0000000,0x00000000f9880000)
  from space 20480K, 99% used [0x00000000fb200000,0x00000000fc5fbfb0,0x00000000fc600000)
  to   space 26112K, 0% used [0x00000000f9880000,0x00000000f9880000,0x00000000fb200000)
 ParOldGen       total 120320K, used 57393K [0x00000000a0000000, 0x00000000a7580000, 0x00000000e0000000)
  object space 120320K, 47% used [0x00000000a0000000,0x00000000a380c7d8,0x00000000a7580000)
 Metaspace       used 79625K, capacity 82116K, committed 82392K, reserved 1120256K
  class space    used 10154K, capacity 10686K, committed 10752K, reserved 1048576K
}
Event: 155.600 GC heap before
{Heap before GC invocations=26 (full 3):
 PSYoungGen      total 438784K, used 438767K [0x00000000e0000000, 0x00000000fcd00000, 0x0000000100000000)
  eden space 418304K, 100% used [0x00000000e0000000,0x00000000f9880000,0x00000000f9880000)
  from space 20480K, 99% used [0x00000000fb200000,0x00000000fc5fbfb0,0x00000000fc600000)
  to   space 26112K, 0% used [0x00000000f9880000,0x00000000f9880000,0x00000000fb200000)
 ParOldGen       total 120320K, used 57393K [0x00000000a0000000, 0x00000000a7580000, 0x00000000e0000000)
  object space 120320K, 47% used [0x00000000a0000000,0x00000000a380c7d8,0x00000000a7580000)
 Metaspace       used 85589K, capacity 88828K, committed 88920K, reserved 1126400K
  class space    used 10933K, capacity 11592K, committed 11648K, reserved 1048576K

