# JRE version: OpenJDK Runtime Environment (8.0_202-b03) (build 1.8.0_202-release-1483-b03)
# Java VM: OpenJDK 64-Bit Server VM (25.202-b03 mixed mode windows-amd64 compressed oops)
Heap:
 PSYoungGen      total 491520K, used 201526K [0x00000000e0000000, 0x00000000ffd00000, 0x0000000100000000)
  eden space 465920K, 43% used [0x00000000e0000000,0x00000000ec4cda88,0x00000000fc700000)
  from space 25600K, 0% used [0x00000000fe400000,0x00000000fe400000,0x00000000ffd00000)
  to   space 27648K, 0% used [0x00000000fc700000,0x00000000fc700000,0x00000000fe200000)
 ParOldGen       total 215552K, used 87047K [0x00000000a0000000, 0x00000000ad280000, 0x00000000e0000000)
  object space 215552K, 40% used [0x00000000a0000000,0x00000000a5501ef8,0x00000000ad280000)
 Metaspace       used 79763K, capacity 82668K, committed 84184K, reserved 1122304K
  class space    used 10367K, capacity 10933K, committed 11264K, reserved 1048576K
GC Heap History (10 events):
Event: 2203.900 GC heap before
{Heap before GC invocations=48 (full 5):
 PSYoungGen      total 501760K, used 493957K [0x00000000e0000000, 0x0000000100000000, 0x0000000100000000)
  eden space 480256K, 100% used [0x00000000e0000000,0x00000000fd500000,0x00000000fd500000)
  from space 21504K, 63% used [0x00000000fea00000,0x00000000ff7615a0,0x00000000fff00000)
  to   space 21504K, 0% used [0x00000000fd500000,0x00000000fd500000,0x00000000fea00000)
 ParOldGen       total 213504K, used 143388K [0x00000000a0000000, 0x00000000ad080000, 0x00000000e0000000)
  object space 213504K, 67% used [0x00000000a0000000,0x00000000a8c073d8,0x00000000ad080000)
 Metaspace       used 79728K, capacity 82596K, committed 84184K, reserved 1122304K
  class space    used 10365K, capacity 10933K, committed 11264K, reserved 1048576K
Event: 2203.926 GC heap after
Heap after GC invocations=48 (full 5):
 PSYoungGen      total 501760K, used 21486K [0x00000000e0000000, 0x0000000100000000, 0x0000000100000000)
  eden space 480256K, 0% used [0x00000000e0000000,0x00000000e0000000,0x00000000fd500000)
  from space 21504K, 99% used [0x00000000fd500000,0x00000000fe9fb8d0,0x00000000fea00000)
  to   space 22528K, 0% used [0x00000000fea00000,0x00000000fea00000,0x0000000100000000)
 ParOldGen       total 213504K, used 161478K [0x00000000a0000000, 0x00000000ad080000, 0x00000000e0000000)
  object space 213504K, 75% used [0x00000000a0000000,0x00000000a9db1a28,0x00000000ad080000)
 Metaspace       used 79728K, capacity 82596K, committed 84184K, reserved 1122304K
  class space    used 10365K, capacity 10933K, committed 11264K, reserved 1048576K
}
Event: 2204.714 GC heap before
{Heap before GC invocations=49 (full 5):
 PSYoungGen      total 501760K, used 501742K [0x00000000e0000000, 0x0000000100000000, 0x0000000100000000)
  eden space 480256K, 100% used [0x00000000e0000000,0x00000000fd500000,0x00000000fd500000)
  from space 21504K, 99% used [0x00000000fd500000,0x00000000fe9fb8d0,0x00000000fea00000)
  to   space 22528K, 0% used [0x00000000fea00000,0x00000000fea00000,0x0000000100000000)
 ParOldGen       total 213504K, used 161478K [0x00000000a0000000, 0x00000000ad080000, 0x00000000e0000000)
  object space 213504K, 75% used [0x00000000a0000000,0x00000000a9db1a28,0x00000000ad080000)
 Metaspace       used 79732K, capacity 82596K, committed 84184K, reserved 1122304K
  class space    used 10365K, capacity 10933K, committed 11264K, reserved 1048576K
Event: 2204.739 GC heap after
Heap after GC invocations=49 (full 5):
 PSYoungGen      total 487424K, used 12418K [0x00000000e0000000, 0x0000000100000000, 0x0000000100000000)
  eden space 464896K, 0% used [0x00000000e0000000,0x00000000e0000000,0x00000000fc600000)
  from space 22528K, 55% used [0x00000000fea00000,0x00000000ff620ac0,0x0000000100000000)
  to   space 29696K, 0% used [0x00000000fc600000,0x00000000fc600000,0x00000000fe300000)
 ParOldGen       total 213504K, used 182072K [0x00000000a0000000, 0x00000000ad080000, 0x00000000e0000000)
  object space 213504K, 85% used [0x00000000a0000000,0x00000000ab1ce308,0x00000000ad080000)
 Metaspace       used 79732K, capacity 82596K, committed 84184K, reserved 1122304K
  class space    used 10365K, capacity 10933K, committed 11264K, reserved 1048576K
}
Event: 2205.426 GC heap before
{Heap before GC invocations=50 (full 5):
 PSYoungGen      total 487424K, used 477314K [0x00000000e0000000, 0x0000000100000000, 0x0000000100000000)
  eden space 464896K, 100% used [0x00000000e0000000,0x00000000fc600000,0x00000000fc600000)
  from space 22528K, 55% used [0x00000000fea00000,0x00000000ff620ac0,0x0000000100000000)
  to   space 29696K, 0% used [0x00000000fc600000,0x00000000fc600000,0x00000000fe300000)
 ParOldGen       total 213504K, used 182072K [0x00000000a0000000, 0x00000000ad080000, 0x00000000e0000000)
  object space 213504K, 85% used [0x00000000a0000000,0x00000000ab1ce308,0x00000000ad080000)
 Metaspace       used 79745K, capacity 82660K, committed 84184K, reserved 1122304K
  class space    used 10365K, capacity 10933K, committed 11264K, reserved 1048576K
Event: 2205.448 GC heap after
Heap after GC invocations=50 (full 5):
 PSYoungGen      total 494592K, used 8576K [0x00000000e0000000, 0x0000000100000000, 0x0000000100000000)
  eden space 464896K, 0% used [0x00000000e0000000,0x00000000e0000000,0x00000000fc600000)
  from space 29696K, 28% used [0x00000000fc600000,0x00000000fce60000,0x00000000fe300000)
  to   space 28672K, 0% used [0x00000000fe400000,0x00000000fe400000,0x0000000100000000)
 ParOldGen       total 213504K, used 191936K [0x00000000a0000000, 0x00000000ad080000, 0x00000000e0000000)
  object space 213504K, 89% used [0x00000000a0000000,0x00000000abb70128,0x00000000ad080000)
 Metaspace       used 79745K, capacity 82660K, committed 84184K, reserved 1122304K
  class space    used 10365K, capacity 10933K, committed 11264K, reserved 1048576K
}
Event: 2206.115 GC heap before
{Heap before GC invocations=51 (full 5):
 PSYoungGen      total 494592K, used 473472K [0x00000000e0000000, 0x0000000100000000, 0x0000000100000000)
  eden space 464896K, 100% used [0x00000000e0000000,0x00000000fc600000,0x00000000fc600000)
  from space 29696K, 28% used [0x00000000fc600000,0x00000000fce60000,0x00000000fe300000)
  to   space 28672K, 0% used [0x00000000fe400000,0x00000000fe400000,0x0000000100000000)
 ParOldGen       total 213504K, used 191936K [0x00000000a0000000, 0x00000000ad080000, 0x00000000e0000000)
  object space 213504K, 89% used [0x00000000a0000000,0x00000000abb70128,0x00000000ad080000)
 Metaspace       used 79762K, capacity 82668K, committed 84184K, reserved 1122304K
  class space    used 10367K, capacity 10933K, committed 11264K, reserved 1048576K
Event: 2206.142 GC heap after
Heap after GC invocations=51 (full 5):
 PSYoungGen      total 491520K, used 9824K [0x00000000e0000000, 0x00000000ffd00000, 0x0000000100000000)
  eden space 465920K, 0% used [0x00000000e0000000,0x00000000e0000000,0x00000000fc700000)
  from space 25600K, 38% used [0x00000000fe400000,0x00000000fed98010,0x00000000ffd00000)
  to   space 27648K, 0% used [0x00000000fc700000,0x00000000fc700000,0x00000000fe200000)
 ParOldGen       total 213504K, used 200293K [0x00000000a0000000, 0x00000000ad080000, 0x00000000e0000000)
  object space 213504K, 93% used [0x00000000a0000000,0x00000000ac399620,0x00000000ad080000)
 Metaspace       used 79762K, capacity 82668K, committed 84184K, reserved 1122304K
  class space    used 10367K, capacity 10933K, committed 11264K, reserved 1048576K
}
Event: 2206.142 GC heap before
{Heap before GC invocations=52 (full 6):
 PSYoungGen      total 491520K, used 9824K [0x00000000e0000000, 0x00000000ffd00000, 0x0000000100000000)
  eden space 465920K, 0% used [0x00000000e0000000,0x00000000e0000000,0x00000000fc700000)
  from space 25600K, 38% used [0x00000000fe400000,0x00000000fed98010,0x00000000ffd00000)
  to   space 27648K, 0% used [0x00000000fc700000,0x00000000fc700000,0x00000000fe200000)
 ParOldGen       total 213504K, used 200293K [0x00000000a0000000, 0x00000000ad080000, 0x00000000e0000000)
  object space 213504K, 93% used [0x00000000a0000000,0x00000000ac399620,0x00000000ad080000)
 Metaspace       used 79762K, capacity 82668K, committed 84184K, reserved 1122304K
  class space    used 10367K, capacity 10933K, committed 11264K, reserved 1048576K
Event: 2206.340 GC heap after
Heap after GC invocations=52 (full 6):
 PSYoungGen      total 491520K, used 0K [0x00000000e0000000, 0x00000000ffd00000, 0x0000000100000000)
  eden space 465920K, 0% used [0x00000000e0000000,0x00000000e0000000,0x00000000fc700000)
  from space 25600K, 0% used [0x00000000fe400000,0x00000000fe400000,0x00000000ffd00000)
  to   space 27648K, 0% used [0x00000000fc700000,0x00000000fc700000,0x00000000fe200000)
 ParOldGen       total 215552K, used 87047K [0x00000000a0000000, 0x00000000ad280000, 0x00000000e0000000)
  object space 215552K, 40% used [0x00000000a0000000,0x00000000a5501ef8,0x00000000ad280000)
 Metaspace       used 79762K, capacity 82668K, committed 84184K, reserved 1122304K
  class space    used 10367K, capacity 10933K, committed 11264K, reserved 1048576K
}

