# JRE version: OpenJDK Runtime Environment (8.0_202-b03) (build 1.8.0_202-release-1483-b03)
# Java VM: OpenJDK 64-Bit Server VM (25.202-b03 mixed mode windows-amd64 compressed oops)
Heap:
 PSYoungGen      total 209920K, used 25834K [0x00000000e0000000, 0x00000000eee00000, 0x0000000100000000)
  eden space 189440K, 4% used [0x00000000e0000000,0x00000000e088f460,0x00000000eb900000)
  from space 20480K, 83% used [0x00000000eda00000,0x00000000eeaab770,0x00000000eee00000)
  to   space 27136K, 0% used [0x00000000eb900000,0x00000000eb900000,0x00000000ed380000)
 ParOldGen       total 119808K, used 48648K [0x00000000a0000000, 0x00000000a7500000, 0x00000000e0000000)
  object space 119808K, 40% used [0x00000000a0000000,0x00000000a2f821a8,0x00000000a7500000)
 Metaspace       used 86968K, capacity 90108K, committed 90328K, reserved 1128448K
  class space    used 11359K, capacity 11992K, committed 12032K, reserved 1048576K
GC Heap History (10 events):
Event: 22.045 GC heap before
{Heap before GC invocations=13 (full 3):
 PSYoungGen      total 235008K, used 16895K [0x00000000e0000000, 0x00000000eff00000, 0x0000000100000000)
  eden space 218112K, 0% used [0x00000000e0000000,0x00000000e0000000,0x00000000ed500000)
  from space 16896K, 99% used [0x00000000ee880000,0x00000000ef8ffcb8,0x00000000ef900000)
  to   space 19968K, 0% used [0x00000000ed500000,0x00000000ed500000,0x00000000ee880000)
 ParOldGen       total 78848K, used 26437K [0x00000000a0000000, 0x00000000a4d00000, 0x00000000e0000000)
  object space 78848K, 33% used [0x00000000a0000000,0x00000000a19d15c8,0x00000000a4d00000)
 Metaspace       used 57222K, capacity 58886K, committed 59028K, reserved 1099776K
  class space    used 7773K, capacity 8178K, committed 8192K, reserved 1048576K
Event: 22.228 GC heap after
Heap after GC invocations=13 (full 3):
 PSYoungGen      total 235008K, used 0K [0x00000000e0000000, 0x00000000eff00000, 0x0000000100000000)
  eden space 218112K, 0% used [0x00000000e0000000,0x00000000e0000000,0x00000000ed500000)
  from space 16896K, 0% used [0x00000000ee880000,0x00000000ee880000,0x00000000ef900000)
  to   space 19968K, 0% used [0x00000000ed500000,0x00000000ed500000,0x00000000ee880000)
 ParOldGen       total 119808K, used 32699K [0x00000000a0000000, 0x00000000a7500000, 0x00000000e0000000)
  object space 119808K, 27% used [0x00000000a0000000,0x00000000a1feee98,0x00000000a7500000)
 Metaspace       used 57202K, capacity 58832K, committed 59028K, reserved 1099776K
  class space    used 7767K, capacity 8167K, committed 8192K, reserved 1048576K
}
Event: 3151.233 GC heap before
{Heap before GC invocations=14 (full 3):
 PSYoungGen      total 235008K, used 218112K [0x00000000e0000000, 0x00000000eff00000, 0x0000000100000000)
  eden space 218112K, 100% used [0x00000000e0000000,0x00000000ed500000,0x00000000ed500000)
  from space 16896K, 0% used [0x00000000ee880000,0x00000000ee880000,0x00000000ef900000)
  to   space 19968K, 0% used [0x00000000ed500000,0x00000000ed500000,0x00000000ee880000)
 ParOldGen       total 119808K, used 32699K [0x00000000a0000000, 0x00000000a7500000, 0x00000000e0000000)
  object space 119808K, 27% used [0x00000000a0000000,0x00000000a1feee98,0x00000000a7500000)
 Metaspace       used 72590K, capacity 74832K, committed 75096K, reserved 1114112K
  class space    used 9385K, capacity 9833K, committed 9856K, reserved 1048576K
Event: 3151.254 GC heap after
Heap after GC invocations=14 (full 3):
 PSYoungGen      total 230400K, used 19951K [0x00000000e0000000, 0x00000000efd80000, 0x0000000100000000)
  eden space 210432K, 0% used [0x00000000e0000000,0x00000000e0000000,0x00000000ecd80000)
  from space 19968K, 99% used [0x00000000ed500000,0x00000000ee87bc98,0x00000000ee880000)
  to   space 21504K, 0% used [0x00000000ee880000,0x00000000ee880000,0x00000000efd80000)
 ParOldGen       total 119808K, used 37540K [0x00000000a0000000, 0x00000000a7500000, 0x00000000e0000000)
  object space 119808K, 31% used [0x00000000a0000000,0x00000000a24a9338,0x00000000a7500000)
 Metaspace       used 72590K, capacity 74832K, committed 75096K, reserved 1114112K
  class space    used 9385K, capacity 9833K, committed 9856K, reserved 1048576K
}
Event: 3154.962 GC heap before
{Heap before GC invocations=15 (full 3):
 PSYoungGen      total 230400K, used 230383K [0x00000000e0000000, 0x00000000efd80000, 0x0000000100000000)
  eden space 210432K, 100% used [0x00000000e0000000,0x00000000ecd80000,0x00000000ecd80000)
  from space 19968K, 99% used [0x00000000ed500000,0x00000000ee87bc98,0x00000000ee880000)
  to   space 21504K, 0% used [0x00000000ee880000,0x00000000ee880000,0x00000000efd80000)
 ParOldGen       total 119808K, used 37540K [0x00000000a0000000, 0x00000000a7500000, 0x00000000e0000000)
  object space 119808K, 31% used [0x00000000a0000000,0x00000000a24a9338,0x00000000a7500000)
 Metaspace       used 83675K, capacity 86712K, committed 86872K, reserved 1124352K
  class space    used 11051K, capacity 11645K, committed 11648K, reserved 1048576K
Event: 3154.987 GC heap after
Heap after GC invocations=15 (full 3):
 PSYoungGen      total 223744K, used 19977K [0x00000000e0000000, 0x00000000efc80000, 0x0000000100000000)
  eden space 203264K, 0% used [0x00000000e0000000,0x00000000e0000000,0x00000000ec680000)
  from space 20480K, 97% used [0x00000000ee880000,0x00000000efc02538,0x00000000efc80000)
  to   space 26624K, 0% used [0x00000000ec880000,0x00000000ec880000,0x00000000ee280000)
 ParOldGen       total 119808K, used 48632K [0x00000000a0000000, 0x00000000a7500000, 0x00000000e0000000)
  object space 119808K, 40% used [0x00000000a0000000,0x00000000a2f7e1a8,0x00000000a7500000)
 Metaspace       used 83675K, capacity 86712K, committed 86872K, reserved 1124352K
  class space    used 11051K, capacity 11645K, committed 11648K, reserved 1048576K
}
Event: 3165.641 GC heap before
{Heap before GC invocations=16 (full 3):
 PSYoungGen      total 223744K, used 223241K [0x00000000e0000000, 0x00000000efc80000, 0x0000000100000000)
  eden space 203264K, 100% used [0x00000000e0000000,0x00000000ec680000,0x00000000ec680000)
  from space 20480K, 97% used [0x00000000ee880000,0x00000000efc02538,0x00000000efc80000)
  to   space 26624K, 0% used [0x00000000ec880000,0x00000000ec880000,0x00000000ee280000)
 ParOldGen       total 119808K, used 48632K [0x00000000a0000000, 0x00000000a7500000, 0x00000000e0000000)
  object space 119808K, 40% used [0x00000000a0000000,0x00000000a2f7e1a8,0x00000000a7500000)
 Metaspace       used 86611K, capacity 89734K, committed 89816K, reserved 1126400K
  class space    used 11347K, capacity 11985K, committed 12032K, reserved 1048576K
Event: 3165.656 GC heap after
Heap after GC invocations=16 (full 3):
 PSYoungGen      total 213504K, used 17401K [0x00000000e0000000, 0x00000000ef480000, 0x0000000100000000)
  eden space 196096K, 0% used [0x00000000e0000000,0x00000000e0000000,0x00000000ebf80000)
  from space 17408K, 99% used [0x00000000ec880000,0x00000000ed97e520,0x00000000ed980000)
  to   space 27136K, 0% used [0x00000000eda00000,0x00000000eda00000,0x00000000ef480000)
 ParOldGen       total 119808K, used 48640K [0x00000000a0000000, 0x00000000a7500000, 0x00000000e0000000)
  object space 119808K, 40% used [0x00000000a0000000,0x00000000a2f801a8,0x00000000a7500000)
 Metaspace       used 86611K, capacity 89734K, committed 89816K, reserved 1126400K
  class space    used 11347K, capacity 11985K, committed 12032K, reserved 1048576K
}
Event: 3169.188 GC heap before
{Heap before GC invocations=17 (full 3):
 PSYoungGen      total 213504K, used 213497K [0x00000000e0000000, 0x00000000ef480000, 0x0000000100000000)
  eden space 196096K, 100% used [0x00000000e0000000,0x00000000ebf80000,0x00000000ebf80000)
  from space 17408K, 99% used [0x00000000ec880000,0x00000000ed97e520,0x00000000ed980000)
  to   space 27136K, 0% used [0x00000000eda00000,0x00000000eda00000,0x00000000ef480000)
 ParOldGen       total 119808K, used 48640K [0x00000000a0000000, 0x00000000a7500000, 0x00000000e0000000)
  object space 119808K, 40% used [0x00000000a0000000,0x00000000a2f801a8,0x00000000a7500000)
 Metaspace       used 86951K, capacity 90108K, committed 90328K, reserved 1128448K
  class space    used 11359K, capacity 11992K, committed 12032K, reserved 1048576K
Event: 3169.202 GC heap after
Heap after GC invocations=17 (full 3):
 PSYoungGen      total 209920K, used 17069K [0x00000000e0000000, 0x00000000eee00000, 0x0000000100000000)
  eden space 189440K, 0% used [0x00000000e0000000,0x00000000e0000000,0x00000000eb900000)
  from space 20480K, 83% used [0x00000000eda00000,0x00000000eeaab770,0x00000000eee00000)
  to   space 27136K, 0% used [0x00000000eb900000,0x00000000eb900000,0x00000000ed380000)
 ParOldGen       total 119808K, used 48648K [0x00000000a0000000, 0x00000000a7500000, 0x00000000e0000000)
  object space 119808K, 40% used [0x00000000a0000000,0x00000000a2f821a8,0x00000000a7500000)
 Metaspace       used 86951K, capacity 90108K, committed 90328K, reserved 1128448K
  class space    used 11359K, capacity 11992K, committed 12032K, reserved 1048576K
}

