# JRE version: OpenJDK Runtime Environment (8.0_202-b03) (build 1.8.0_202-release-1483-b03)
# Java VM: OpenJDK 64-Bit Server VM (25.202-b03 mixed mode windows-amd64 compressed oops)
Heap:
 PSYoungGen      total 110592K, used 10698K [0x00000000e0000000, 0x00000000e9780000, 0x0000000100000000)
  eden space 99840K, 0% used [0x00000000e0000000,0x00000000e0000000,0x00000000e6180000)
  from space 10752K, 99% used [0x00000000e6180000,0x00000000e6bf2930,0x00000000e6c00000)
  to   space 11776K, 0% used [0x00000000e8c00000,0x00000000e8c00000,0x00000000e9780000)
 ParOldGen       total 55296K, used 8365K [0x00000000a0000000, 0x00000000a3600000, 0x00000000e0000000)
  object space 55296K, 15% used [0x00000000a0000000,0x00000000a082b4c0,0x00000000a3600000)
 Metaspace       used 34493K, capacity 35216K, committed 35416K, reserved 1079296K
  class space    used 4753K, capacity 4943K, committed 4992K, reserved 1048576K
GC Heap History (10 events):
Event: 2.985 GC heap after
Heap after GC invocations=6 (full 0):
 PSYoungGen      total 72704K, used 7667K [0x00000000e0000000, 0x00000000e5100000, 0x0000000100000000)
  eden space 62464K, 0% used [0x00000000e0000000,0x00000000e0000000,0x00000000e3d00000)
  from space 10240K, 74% used [0x00000000e4700000,0x00000000e4e7cd48,0x00000000e5100000)
  to   space 10240K, 0% used [0x00000000e3d00000,0x00000000e3d00000,0x00000000e4700000)
 ParOldGen       total 83456K, used 7639K [0x00000000a0000000, 0x00000000a5180000, 0x00000000e0000000)
  object space 83456K, 9% used [0x00000000a0000000,0x00000000a0775fc0,0x00000000a5180000)
 Metaspace       used 20682K, capacity 21120K, committed 21248K, reserved 1067008K
  class space    used 2914K, capacity 3066K, committed 3072K, reserved 1048576K
}
Event: 2.985 GC heap before
{Heap before GC invocations=7 (full 1):
 PSYoungGen      total 72704K, used 7667K [0x00000000e0000000, 0x00000000e5100000, 0x0000000100000000)
  eden space 62464K, 0% used [0x00000000e0000000,0x00000000e0000000,0x00000000e3d00000)
  from space 10240K, 74% used [0x00000000e4700000,0x00000000e4e7cd48,0x00000000e5100000)
  to   space 10240K, 0% used [0x00000000e3d00000,0x00000000e3d00000,0x00000000e4700000)
 ParOldGen       total 83456K, used 7639K [0x00000000a0000000, 0x00000000a5180000, 0x00000000e0000000)
  object space 83456K, 9% used [0x00000000a0000000,0x00000000a0775fc0,0x00000000a5180000)
 Metaspace       used 20682K, capacity 21120K, committed 21248K, reserved 1067008K
  class space    used 2914K, capacity 3066K, committed 3072K, reserved 1048576K
Event: 3.016 GC heap after
Heap after GC invocations=7 (full 1):
 PSYoungGen      total 72704K, used 0K [0x00000000e0000000, 0x00000000e5100000, 0x0000000100000000)
  eden space 62464K, 0% used [0x00000000e0000000,0x00000000e0000000,0x00000000e3d00000)
  from space 10240K, 0% used [0x00000000e4700000,0x00000000e4700000,0x00000000e5100000)
  to   space 10240K, 0% used [0x00000000e3d00000,0x00000000e3d00000,0x00000000e4700000)
 ParOldGen       total 55296K, used 8341K [0x00000000a0000000, 0x00000000a3600000, 0x00000000e0000000)
  object space 55296K, 15% used [0x00000000a0000000,0x00000000a08254c0,0x00000000a3600000)
 Metaspace       used 20682K, capacity 21120K, committed 21248K, reserved 1067008K
  class space    used 2914K, capacity 3066K, committed 3072K, reserved 1048576K
}
Event: 3.782 GC heap before
{Heap before GC invocations=8 (full 1):
 PSYoungGen      total 72704K, used 62464K [0x00000000e0000000, 0x00000000e5100000, 0x0000000100000000)
  eden space 62464K, 100% used [0x00000000e0000000,0x00000000e3d00000,0x00000000e3d00000)
  from space 10240K, 0% used [0x00000000e4700000,0x00000000e4700000,0x00000000e5100000)
  to   space 10240K, 0% used [0x00000000e3d00000,0x00000000e3d00000,0x00000000e4700000)
 ParOldGen       total 55296K, used 8341K [0x00000000a0000000, 0x00000000a3600000, 0x00000000e0000000)
  object space 55296K, 15% used [0x00000000a0000000,0x00000000a08254c0,0x00000000a3600000)
 Metaspace       used 28390K, capacity 28916K, committed 29440K, reserved 1075200K
  class space    used 3828K, capacity 4011K, committed 4096K, reserved 1048576K
Event: 3.790 GC heap after
Heap after GC invocations=8 (full 1):
 PSYoungGen      total 72704K, used 7378K [0x00000000e0000000, 0x00000000e7700000, 0x0000000100000000)
  eden space 62464K, 0% used [0x00000000e0000000,0x00000000e0000000,0x00000000e3d00000)
  from space 10240K, 72% used [0x00000000e3d00000,0x00000000e4434900,0x00000000e4700000)
  to   space 10240K, 0% used [0x00000000e6d00000,0x00000000e6d00000,0x00000000e7700000)
 ParOldGen       total 55296K, used 8349K [0x00000000a0000000, 0x00000000a3600000, 0x00000000e0000000)
  object space 55296K, 15% used [0x00000000a0000000,0x00000000a08274c0,0x00000000a3600000)
 Metaspace       used 28390K, capacity 28916K, committed 29440K, reserved 1075200K
  class space    used 3828K, capacity 4011K, committed 4096K, reserved 1048576K
}
Event: 4.776 GC heap before
{Heap before GC invocations=9 (full 1):
 PSYoungGen      total 72704K, used 69842K [0x00000000e0000000, 0x00000000e7700000, 0x0000000100000000)
  eden space 62464K, 100% used [0x00000000e0000000,0x00000000e3d00000,0x00000000e3d00000)
  from space 10240K, 72% used [0x00000000e3d00000,0x00000000e4434900,0x00000000e4700000)
  to   space 10240K, 0% used [0x00000000e6d00000,0x00000000e6d00000,0x00000000e7700000)
 ParOldGen       total 55296K, used 8349K [0x00000000a0000000, 0x00000000a3600000, 0x00000000e0000000)
  object space 55296K, 15% used [0x00000000a0000000,0x00000000a08274c0,0x00000000a3600000)
 Metaspace       used 31555K, capacity 32056K, committed 32512K, reserved 1077248K
  class space    used 4349K, capacity 4503K, committed 4608K, reserved 1048576K
Event: 4.786 GC heap after
Heap after GC invocations=9 (full 1):
 PSYoungGen      total 109568K, used 8142K [0x00000000e0000000, 0x00000000e7680000, 0x0000000100000000)
  eden space 99840K, 0% used [0x00000000e0000000,0x00000000e0000000,0x00000000e6180000)
  from space 9728K, 83% used [0x00000000e6d00000,0x00000000e74f3860,0x00000000e7680000)
  to   space 10752K, 0% used [0x00000000e6180000,0x00000000e6180000,0x00000000e6c00000)
 ParOldGen       total 55296K, used 8357K [0x00000000a0000000, 0x00000000a3600000, 0x00000000e0000000)
  object space 55296K, 15% used [0x00000000a0000000,0x00000000a08294c0,0x00000000a3600000)
 Metaspace       used 31555K, capacity 32056K, committed 32512K, reserved 1077248K
  class space    used 4349K, capacity 4503K, committed 4608K, reserved 1048576K
}
Event: 12.805 GC heap before
{Heap before GC invocations=10 (full 1):
 PSYoungGen      total 109568K, used 65949K [0x00000000e0000000, 0x00000000e7680000, 0x0000000100000000)
  eden space 99840K, 57% used [0x00000000e0000000,0x00000000e3873ca8,0x00000000e6180000)
  from space 9728K, 83% used [0x00000000e6d00000,0x00000000e74f3860,0x00000000e7680000)
  to   space 10752K, 0% used [0x00000000e6180000,0x00000000e6180000,0x00000000e6c00000)
 ParOldGen       total 55296K, used 8357K [0x00000000a0000000, 0x00000000a3600000, 0x00000000e0000000)
  object space 55296K, 15% used [0x00000000a0000000,0x00000000a08294c0,0x00000000a3600000)
 Metaspace       used 34493K, capacity 35216K, committed 35416K, reserved 1079296K
  class space    used 4753K, capacity 4943K, committed 4992K, reserved 1048576K
Event: 12.815 GC heap after
Heap after GC invocations=10 (full 1):
 PSYoungGen      total 110592K, used 10698K [0x00000000e0000000, 0x00000000e9780000, 0x0000000100000000)
  eden space 99840K, 0% used [0x00000000e0000000,0x00000000e0000000,0x00000000e6180000)
  from space 10752K, 99% used [0x00000000e6180000,0x00000000e6bf2930,0x00000000e6c00000)
  to   space 11776K, 0% used [0x00000000e8c00000,0x00000000e8c00000,0x00000000e9780000)
 ParOldGen       total 55296K, used 8365K [0x00000000a0000000, 0x00000000a3600000, 0x00000000e0000000)
  object space 55296K, 15% used [0x00000000a0000000,0x00000000a082b4c0,0x00000000a3600000)
 Metaspace       used 34493K, capacity 35216K, committed 35416K, reserved 1079296K
  class space    used 4753K, capacity 4943K, committed 4992K, reserved 1048576K
}
Event: 12.815 GC heap before
{Heap before GC invocations=11 (full 2):
 PSYoungGen      total 110592K, used 10698K [0x00000000e0000000, 0x00000000e9780000, 0x0000000100000000)
  eden space 99840K, 0% used [0x00000000e0000000,0x00000000e0000000,0x00000000e6180000)
  from space 10752K, 99% used [0x00000000e6180000,0x00000000e6bf2930,0x00000000e6c00000)
  to   space 11776K, 0% used [0x00000000e8c00000,0x00000000e8c00000,0x00000000e9780000)
 ParOldGen       total 55296K, used 8365K [0x00000000a0000000, 0x00000000a3600000, 0x00000000e0000000)
  object space 55296K, 15% used [0x00000000a0000000,0x00000000a082b4c0,0x00000000a3600000)
 Metaspace       used 34493K, capacity 35216K, committed 35416K, reserved 1079296K
  class space    used 4753K, capacity 4943K, committed 4992K, reserved 1048576K

